<?xml version="1.0" encoding="UTF-8"?>
<testsuite name="Demo" tests="1" skipped="0" failures="0" errors="0" timestamp="2022-08-22T13:22:49" hostname="DESKTOP-6O8NT8G" time="0.851">
  <properties/>
  <testcase name="test_Appium" classname="Demo" time="0.851"/>
  <system-out><![CDATA[Hello GitHub Actions
]]></system-out>
  <system-err><![CDATA[Aug 22, 2022 3:22:49 PM io.appium.java_client.remote.AppiumCommandExecutor$1 lambda$0
INFO: Detected dialect: W3C
]]></system-err>
</testsuite>
